This file contains any messages produced by compilers while
running configure, to aid debugging if configure makes a mistake.

It was created by swig configure 4.0.1, which was
generated by GNU Autoconf 2.69.  Invocation command line was

  $ ./configure 

## --------- ##
## Platform. ##
## --------- ##

hostname = Mars
uname -m = x86_64
uname -r = 4.19.0-6-amd64
uname -s = Linux
uname -v = #1 SMP Debian 4.19.67-2+deb10u1 (2019-09-20)

/usr/bin/uname -p = unknown
/bin/uname -X     = unknown

/bin/arch              = x86_64
/usr/bin/arch -k       = unknown
/usr/convex/getsysinfo = unknown
/usr/bin/hostinfo      = unknown
/bin/machine           = unknown
/usr/bin/oslevel       = unknown
/bin/universe          = unknown

PATH: /usr/local/bin
PATH: /usr/bin
PATH: /bin
PATH: /usr/local/games
PATH: /usr/games
PATH: /home/peter/gwt/gwt-linux-1.5.3
PATH: /usr/local/cm3/bin
PATH: /home/peter/cm3/wabt/bin


## ----------- ##
## Core tests. ##
## ----------- ##

configure:2771: checking build system type
configure:2785: result: x86_64-pc-linux-gnu
configure:2805: checking host system type
configure:2818: result: x86_64-pc-linux-gnu
configure:2854: checking for a BSD-compatible install
configure:2922: result: /usr/bin/install -c
configure:2933: checking whether build environment is sane
configure:2988: result: yes
configure:3137: checking for a thread-safe mkdir -p
configure:3176: result: /usr/bin/mkdir -p
configure:3183: checking for gawk
configure:3213: result: no
configure:3183: checking for mawk
configure:3199: found /usr/bin/mawk
configure:3210: result: mawk
configure:3221: checking whether make sets $(MAKE)
configure:3243: result: yes
configure:3272: checking whether make supports nested variables
configure:3289: result: yes
configure:3466: checking for gcc
configure:3482: found /usr/bin/gcc
configure:3493: result: gcc
configure:3722: checking for C compiler version
configure:3731: gcc --version >&5
gcc (Debian 8.3.0-6) 8.3.0
Copyright (C) 2018 Free Software Foundation, Inc.
This is free software; see the source for copying conditions.  There is NO
warranty; not even for MERCHANTABILITY or FITNESS FOR A PARTICULAR PURPOSE.

configure:3742: $? = 0
configure:3731: gcc -v >&5
Using built-in specs.
COLLECT_GCC=gcc
COLLECT_LTO_WRAPPER=/usr/lib/gcc/x86_64-linux-gnu/8/lto-wrapper
OFFLOAD_TARGET_NAMES=nvptx-none
OFFLOAD_TARGET_DEFAULT=1
Target: x86_64-linux-gnu
Configured with: ../src/configure -v --with-pkgversion='Debian 8.3.0-6' --with-bugurl=file:///usr/share/doc/gcc-8/README.Bugs --enable-languages=c,ada,c++,go,brig,d,fortran,objc,obj-c++ --prefix=/usr --with-gcc-major-version-only --program-suffix=-8 --program-prefix=x86_64-linux-gnu- --enable-shared --enable-linker-build-id --libexecdir=/usr/lib --without-included-gettext --enable-threads=posix --libdir=/usr/lib --enable-nls --enable-bootstrap --enable-clocale=gnu --enable-libstdcxx-debug --enable-libstdcxx-time=yes --with-default-libstdcxx-abi=new --enable-gnu-unique-object --disable-vtable-verify --enable-libmpx --enable-plugin --enable-default-pie --with-system-zlib --with-target-system-zlib --enable-objc-gc=auto --enable-multiarch --disable-werror --with-arch-32=i686 --with-abi=m64 --with-multilib-list=m32,m64,mx32 --enable-multilib --with-tune=generic --enable-offload-targets=nvptx-none --without-cuda-driver --enable-checking=release --build=x86_64-linux-gnu --host=x86_64-linux-gnu --target=x86_64-linux-gnu
Thread model: posix
gcc version 8.3.0 (Debian 8.3.0-6) 
configure:3742: $? = 0
configure:3731: gcc -V >&5
gcc: error: unrecognized command line option '-V'
gcc: fatal error: no input files
compilation terminated.
configure:3742: $? = 1
configure:3731: gcc -qversion >&5
gcc: error: unrecognized command line option '-qversion'; did you mean '--version'?
gcc: fatal error: no input files
compilation terminated.
configure:3742: $? = 1
configure:3762: checking whether the C compiler works
configure:3784: gcc    conftest.c  >&5
configure:3788: $? = 0
configure:3836: result: yes
configure:3839: checking for C compiler default output file name
configure:3841: result: a.out
configure:3847: checking for suffix of executables
configure:3854: gcc -o conftest    conftest.c  >&5
configure:3858: $? = 0
configure:3880: result: 
configure:3902: checking whether we are cross compiling
configure:3910: gcc -o conftest    conftest.c  >&5
configure:3914: $? = 0
configure:3921: ./conftest
configure:3925: $? = 0
configure:3913: result: no
configure:3918: checking for suffix of object files
configure:3940: gcc -c   conftest.c >&5
configure:3944: $? = 0
configure:3965: result: o
configure:3969: checking whether we are using the GNU C compiler
configure:3988: gcc -c   conftest.c >&5
configure:3988: $? = 0
configure:3997: result: yes
configure:4006: checking whether gcc accepts -g
configure:4026: gcc -c -g  conftest.c >&5
configure:4026: $? = 0
configure:4067: result: yes
configure:4084: checking for gcc option to accept ISO C89
configure:4147: gcc  -c -g -O2  conftest.c >&5
configure:4147: $? = 0
configure:4160: result: none needed
configure:4185: checking whether gcc understands -c and -o together
configure:4207: gcc -c conftest.c -o conftest2.o
configure:4210: $? = 0
configure:4207: gcc -c conftest.c -o conftest2.o
configure:4210: $? = 0
configure:4222: result: yes
configure:4242: checking whether make supports the include directive
configure:4257: make -f confmf.GNU && cat confinc.out
this is the am__doit target
configure:4260: $? = 0
configure:4279: result: yes (GNU style)
configure:4304: checking dependency style of gcc
configure:4415: result: gcc3
configure:4488: checking for g++
configure:4504: found /usr/bin/g++
configure:4515: result: g++
configure:4542: checking for C++ compiler version
configure:4551: g++ --version >&5
g++ (Debian 8.3.0-6) 8.3.0
Copyright (C) 2018 Free Software Foundation, Inc.
This is free software; see the source for copying conditions.  There is NO
warranty; not even for MERCHANTABILITY or FITNESS FOR A PARTICULAR PURPOSE.

configure:4562: $? = 0
configure:4551: g++ -v >&5
Using built-in specs.
COLLECT_GCC=g++
COLLECT_LTO_WRAPPER=/usr/lib/gcc/x86_64-linux-gnu/8/lto-wrapper
OFFLOAD_TARGET_NAMES=nvptx-none
OFFLOAD_TARGET_DEFAULT=1
Target: x86_64-linux-gnu
Configured with: ../src/configure -v --with-pkgversion='Debian 8.3.0-6' --with-bugurl=file:///usr/share/doc/gcc-8/README.Bugs --enable-languages=c,ada,c++,go,brig,d,fortran,objc,obj-c++ --prefix=/usr --with-gcc-major-version-only --program-suffix=-8 --program-prefix=x86_64-linux-gnu- --enable-shared --enable-linker-build-id --libexecdir=/usr/lib --without-included-gettext --enable-threads=posix --libdir=/usr/lib --enable-nls --enable-bootstrap --enable-clocale=gnu --enable-libstdcxx-debug --enable-libstdcxx-time=yes --with-default-libstdcxx-abi=new --enable-gnu-unique-object --disable-vtable-verify --enable-libmpx --enable-plugin --enable-default-pie --with-system-zlib --with-target-system-zlib --enable-objc-gc=auto --enable-multiarch --disable-werror --with-arch-32=i686 --with-abi=m64 --with-multilib-list=m32,m64,mx32 --enable-multilib --with-tune=generic --enable-offload-targets=nvptx-none --without-cuda-driver --enable-checking=release --build=x86_64-linux-gnu --host=x86_64-linux-gnu --target=x86_64-linux-gnu
Thread model: posix
gcc version 8.3.0 (Debian 8.3.0-6) 
configure:4562: $? = 0
configure:4551: g++ -V >&5
g++: error: unrecognized command line option '-V'
g++: fatal error: no input files
compilation terminated.
configure:4562: $? = 1
configure:4551: g++ -qversion >&5
g++: error: unrecognized command line option '-qversion'; did you mean '--version'?
g++: fatal error: no input files
compilation terminated.
configure:4562: $? = 1
configure:4566: checking whether we are using the GNU C++ compiler
configure:4585: g++ -c   conftest.cpp >&5
configure:4585: $? = 0
configure:4594: result: yes
configure:4603: checking whether g++ accepts -g
configure:4623: g++ -c -g  conftest.cpp >&5
configure:4623: $? = 0
configure:4664: result: yes
configure:4689: checking dependency style of g++
configure:4800: result: gcc3
configure:4818: checking maximum warning verbosity option
configure:4856: result: -Wall -W -ansi -pedantic for C++ -Wall -W -ansi -pedantic for C
configure:4879: checking how to run the C preprocessor
configure:4910: gcc -E  conftest.c
configure:4910: $? = 0
configure:4924: gcc -E  conftest.c
conftest.c:13:10: fatal error: ac_nonexistent.h: No such file or directory
 #include <ac_nonexistent.h>
          ^~~~~~~~~~~~~~~~~~
compilation terminated.
configure:4924: $? = 1
configure: failed program was:
| /* confdefs.h */
| #define PACKAGE_NAME "swig"
| #define PACKAGE_TARNAME "swig"
| #define PACKAGE_VERSION "4.0.1"
| #define PACKAGE_STRING "swig 4.0.1"
| #define PACKAGE_BUGREPORT "http://www.swig.org"
| #define PACKAGE_URL ""
| #define PACKAGE "swig"
| #define VERSION "4.0.1"
| #define SWIG_CXX "g++"
| #define SWIG_PLATFORM "x86_64-pc-linux-gnu"
| /* end confdefs.h.  */
| #include <ac_nonexistent.h>
configure:4949: result: gcc -E
configure:4969: gcc -E  conftest.c
configure:4969: $? = 0
configure:4983: gcc -E  conftest.c
conftest.c:13:10: fatal error: ac_nonexistent.h: No such file or directory
 #include <ac_nonexistent.h>
          ^~~~~~~~~~~~~~~~~~
compilation terminated.
configure:4983: $? = 1
configure: failed program was:
| /* confdefs.h */
| #define PACKAGE_NAME "swig"
| #define PACKAGE_TARNAME "swig"
| #define PACKAGE_VERSION "4.0.1"
| #define PACKAGE_STRING "swig 4.0.1"
| #define PACKAGE_BUGREPORT "http://www.swig.org"
| #define PACKAGE_URL ""
| #define PACKAGE "swig"
| #define VERSION "4.0.1"
| #define SWIG_CXX "g++"
| #define SWIG_PLATFORM "x86_64-pc-linux-gnu"
| /* end confdefs.h.  */
| #include <ac_nonexistent.h>
configure:5012: checking for grep that handles long lines and -e
configure:5070: result: /usr/bin/grep
configure:5075: checking for egrep
configure:5137: result: /usr/bin/grep -E
configure:5142: checking for ANSI C header files
configure:5162: gcc -c -g -O2 -Wall -W -ansi -pedantic  conftest.c >&5
configure:5162: $? = 0
configure:5235: gcc -o conftest -g -O2 -Wall -W -ansi -pedantic   conftest.c  >&5
configure:5235: $? = 0
configure:5235: ./conftest
configure:5235: $? = 0
configure:5246: result: yes
configure:5265: checking for popen
configure:5265: gcc -o conftest -g -O2 -Wall -W -ansi -pedantic   conftest.c  >&5
configure:5265: $? = 0
configure:5265: result: yes
configure:5286: checking whether to enable PCRE support
configure:5288: result: yes
configure:5292: checking whether to use local PCRE
configure:5301: result: no
configure:5304: checking for a sed that does not truncate output
configure:5368: result: /usr/bin/sed
configure:5438: checking for pcre-config
configure:5456: found /usr/bin/pcre-config
configure:5468: result: /usr/bin/pcre-config
configure:5638: checking whether to enable ccache-swig
configure:5640: result: yes
configure:5662: checking for bison
configure:5692: result: no
configure:5662: checking for byacc
configure:5692: result: no
configure:5846: checking for boostlib >=  (102000)
configure:5878: g++ -c -g -O2 -Wall -W -ansi -pedantic    conftest.cpp >&5
conftest.cpp:17:10: fatal error: boost/version.hpp: No such file or directory
 #include <boost/version.hpp>
          ^~~~~~~~~~~~~~~~~~~
compilation terminated.
configure:5878: $? = 1
configure: failed program was:
| /* confdefs.h */
| #define PACKAGE_NAME "swig"
| #define PACKAGE_TARNAME "swig"
| #define PACKAGE_VERSION "4.0.1"
| #define PACKAGE_STRING "swig 4.0.1"
| #define PACKAGE_BUGREPORT "http://www.swig.org"
| #define PACKAGE_URL ""
| #define PACKAGE "swig"
| #define VERSION "4.0.1"
| #define SWIG_CXX "g++"
| #define SWIG_PLATFORM "x86_64-pc-linux-gnu"
| #define STDC_HEADERS 1
| #define HAVE_POPEN 1
| #define HAVE_PCRE 1
| /* end confdefs.h.  */
| 
| #include <boost/version.hpp>
| 
| int
| main ()
| {
| 
| (void) ((void)sizeof(char[1 - 2*!!((BOOST_VERSION) < (102000))]));
| 
|   ;
|   return 0;
| }
configure:5997: g++ -c -g -O2 -Wall -W -ansi -pedantic   -I/include/boost-0 conftest.cpp >&5
conftest.cpp:17:10: fatal error: boost/version.hpp: No such file or directory
 #include <boost/version.hpp>
          ^~~~~~~~~~~~~~~~~~~
compilation terminated.
configure:5997: $? = 1
configure: failed program was:
| /* confdefs.h */
| #define PACKAGE_NAME "swig"
| #define PACKAGE_TARNAME "swig"
| #define PACKAGE_VERSION "4.0.1"
| #define PACKAGE_STRING "swig 4.0.1"
| #define PACKAGE_BUGREPORT "http://www.swig.org"
| #define PACKAGE_URL ""
| #define PACKAGE "swig"
| #define VERSION "4.0.1"
| #define SWIG_CXX "g++"
| #define SWIG_PLATFORM "x86_64-pc-linux-gnu"
| #define STDC_HEADERS 1
| #define HAVE_POPEN 1
| #define HAVE_PCRE 1
| /* end confdefs.h.  */
| 
| #include <boost/version.hpp>
| 
| int
| main ()
| {
| 
| (void) ((void)sizeof(char[1 - 2*!!((BOOST_VERSION) < (102000))]));
| 
|   ;
|   return 0;
| }
configure:6016: We could not detect the boost libraries (version  or higher). If you have a staged boost library (still not installed) please specify $BOOST_ROOT in your environment and do not give a PATH to --with-boost option.  If you are sure you have boost installed, then check your version number looking in <boost/version.hpp>. See http://randspringer.de/boost for more documentation.
configure:6048: ISYSTEM: -isystem 
configure:6053: checking SO
configure:6064: result: .so
configure:6071: checking LDSHARED
configure:6120: result: gcc -shared
configure:6126: checking CXXSHARED
configure:6132: result: gcc -shared
configure:6136: checking TRYLINKINGWITHCXX
configure:6161: result: CXXSHARED= g++ -shared 
configure:6165: checking CCSHARED
configure:6186: result: -fpic
configure:6190: checking RPATH
configure:6201: result: -Xlinker -rpath $(exec_prefix)/lib -Xlinker -rpath .
configure:6207: checking LINKFORSHARED
configure:6221: result: -Xlinker -export-dynamic
configure:6225: checking PLATCFLAGS
configure:6235: result: 
configure:6246: checking whether to enable C++11 testing
configure:6248: result: no
configure:6445: checking for dlopen in -ldl
configure:6470: gcc -o conftest -g -O2 -Wall -W -ansi -pedantic    conftest.c -ldl   -lpcre >&5
configure:6470: $? = 0
configure:6479: result: yes
configure:6490: checking for shl_load in -ldld
configure:6515: gcc -o conftest -g -O2 -Wall -W -ansi -pedantic    conftest.c -ldld  -ldl  -lpcre >&5
/usr/bin/ld: cannot find -ldld
collect2: error: ld returned 1 exit status
configure:6515: $? = 1
configure: failed program was:
| /* confdefs.h */
| #define PACKAGE_NAME "swig"
| #define PACKAGE_TARNAME "swig"
| #define PACKAGE_VERSION "4.0.1"
| #define PACKAGE_STRING "swig 4.0.1"
| #define PACKAGE_BUGREPORT "http://www.swig.org"
| #define PACKAGE_URL ""
| #define PACKAGE "swig"
| #define VERSION "4.0.1"
| #define SWIG_CXX "g++"
| #define SWIG_PLATFORM "x86_64-pc-linux-gnu"
| #define STDC_HEADERS 1
| #define HAVE_POPEN 1
| #define HAVE_PCRE 1
| #define HAVE_LIBDL 1
| /* end confdefs.h.  */
| 
| /* Override any GCC internal prototype to avoid an error.
|    Use char because int might match the return type of a GCC
|    builtin and then its argument prototype would still apply.  */
| #ifdef __cplusplus
| extern "C"
| #endif
| char shl_load ();
| int
| main ()
| {
| return shl_load ();
|   ;
|   return 0;
| }
configure:6524: result: no
configure:6536: checking for library containing t_open
configure:6567: gcc -o conftest -g -O2 -Wall -W -ansi -pedantic    conftest.c -ldl  -lpcre >&5
/usr/bin/ld: /tmp/ccfjCd5M.o: in function `main':
/home/peter/projects/swig4/swig-4.0.1/conftest.c:28: undefined reference to `t_open'
collect2: error: ld returned 1 exit status
configure:6567: $? = 1
configure: failed program was:
| /* confdefs.h */
| #define PACKAGE_NAME "swig"
| #define PACKAGE_TARNAME "swig"
| #define PACKAGE_VERSION "4.0.1"
| #define PACKAGE_STRING "swig 4.0.1"
| #define PACKAGE_BUGREPORT "http://www.swig.org"
| #define PACKAGE_URL ""
| #define PACKAGE "swig"
| #define VERSION "4.0.1"
| #define SWIG_CXX "g++"
| #define SWIG_PLATFORM "x86_64-pc-linux-gnu"
| #define STDC_HEADERS 1
| #define HAVE_POPEN 1
| #define HAVE_PCRE 1
| #define HAVE_LIBDL 1
| /* end confdefs.h.  */
| 
| /* Override any GCC internal prototype to avoid an error.
|    Use char because int might match the return type of a GCC
|    builtin and then its argument prototype would still apply.  */
| #ifdef __cplusplus
| extern "C"
| #endif
| char t_open ();
| int
| main ()
| {
| return t_open ();
|   ;
|   return 0;
| }
configure:6567: gcc -o conftest -g -O2 -Wall -W -ansi -pedantic    conftest.c -lnsl  -ldl  -lpcre >&5
/usr/bin/ld: /tmp/ccgJFmRT.o: in function `main':
/home/peter/projects/swig4/swig-4.0.1/conftest.c:28: undefined reference to `t_open'
collect2: error: ld returned 1 exit status
configure:6567: $? = 1
configure: failed program was:
| /* confdefs.h */
| #define PACKAGE_NAME "swig"
| #define PACKAGE_TARNAME "swig"
| #define PACKAGE_VERSION "4.0.1"
| #define PACKAGE_STRING "swig 4.0.1"
| #define PACKAGE_BUGREPORT "http://www.swig.org"
| #define PACKAGE_URL ""
| #define PACKAGE "swig"
| #define VERSION "4.0.1"
| #define SWIG_CXX "g++"
| #define SWIG_PLATFORM "x86_64-pc-linux-gnu"
| #define STDC_HEADERS 1
| #define HAVE_POPEN 1
| #define HAVE_PCRE 1
| #define HAVE_LIBDL 1
| /* end confdefs.h.  */
| 
| /* Override any GCC internal prototype to avoid an error.
|    Use char because int might match the return type of a GCC
|    builtin and then its argument prototype would still apply.  */
| #ifdef __cplusplus
| extern "C"
| #endif
| char t_open ();
| int
| main ()
| {
| return t_open ();
|   ;
|   return 0;
| }
configure:6584: result: no
configure:6592: checking for library containing gethostbyname
configure:6623: gcc -o conftest -g -O2 -Wall -W -ansi -pedantic    conftest.c -ldl  -lpcre >&5
configure:6623: $? = 0
configure:6640: result: none required
configure:6648: checking for library containing socket
configure:6679: gcc -o conftest -g -O2 -Wall -W -ansi -pedantic    conftest.c -ldl  -lpcre >&5
configure:6679: $? = 0
configure:6696: result: none required
configure:6705: checking for swill_init in -lswill
configure:6730: gcc -o conftest -g -O2 -Wall -W -ansi -pedantic    conftest.c -lswill  -ldl  -lpcre >&5
/usr/bin/ld: cannot find -lswill
collect2: error: ld returned 1 exit status
configure:6730: $? = 1
configure: failed program was:
| /* confdefs.h */
| #define PACKAGE_NAME "swig"
| #define PACKAGE_TARNAME "swig"
| #define PACKAGE_VERSION "4.0.1"
| #define PACKAGE_STRING "swig 4.0.1"
| #define PACKAGE_BUGREPORT "http://www.swig.org"
| #define PACKAGE_URL ""
| #define PACKAGE "swig"
| #define VERSION "4.0.1"
| #define SWIG_CXX "g++"
| #define SWIG_PLATFORM "x86_64-pc-linux-gnu"
| #define STDC_HEADERS 1
| #define HAVE_POPEN 1
| #define HAVE_PCRE 1
| #define HAVE_LIBDL 1
| /* end confdefs.h.  */
| 
| /* Override any GCC internal prototype to avoid an error.
|    Use char because int might match the return type of a GCC
|    builtin and then its argument prototype would still apply.  */
| #ifdef __cplusplus
| extern "C"
| #endif
| char swill_init ();
| int
| main ()
| {
| return swill_init ();
|   ;
|   return 0;
| }
configure:6739: result: no
configure:6761: checking for main in -lieee
configure:6780: gcc -o conftest -g -O2 -Wall -W -ansi -pedantic    conftest.c -lieee  -ldl  -lpcre >&5
/usr/bin/ld: cannot find -lieee
collect2: error: ld returned 1 exit status
configure:6780: $? = 1
configure: failed program was:
| /* confdefs.h */
| #define PACKAGE_NAME "swig"
| #define PACKAGE_TARNAME "swig"
| #define PACKAGE_VERSION "4.0.1"
| #define PACKAGE_STRING "swig 4.0.1"
| #define PACKAGE_BUGREPORT "http://www.swig.org"
| #define PACKAGE_URL ""
| #define PACKAGE "swig"
| #define VERSION "4.0.1"
| #define SWIG_CXX "g++"
| #define SWIG_PLATFORM "x86_64-pc-linux-gnu"
| #define STDC_HEADERS 1
| #define HAVE_POPEN 1
| #define HAVE_PCRE 1
| #define HAVE_LIBDL 1
| /* end confdefs.h.  */
| 
| 
| int
| main ()
| {
| return main ();
|   ;
|   return 0;
| }
configure:6789: result: no
configure:6795: checking for crypt in -lcrypt
configure:6820: gcc -o conftest -g -O2 -Wall -W -ansi -pedantic    conftest.c -lcrypt  -ldl  -lpcre >&5
configure:6820: $? = 0
configure:6829: result: yes
configure:6871: checking for pkg-config
configure:6887: found /usr/bin/pkg-config
configure:6898: result: pkg-config
configure:6959: checking for Tcl configuration
configure:6989: result: no
configure:7015: checking for Tcl header files
configure:7022: gcc -E   conftest.c
conftest.c:17:10: fatal error: tcl.h: No such file or directory
 #include <tcl.h>
          ^~~~~~~
compilation terminated.
configure:7022: $? = 1
configure: failed program was:
| /* confdefs.h */
| #define PACKAGE_NAME "swig"
| #define PACKAGE_TARNAME "swig"
| #define PACKAGE_VERSION "4.0.1"
| #define PACKAGE_STRING "swig 4.0.1"
| #define PACKAGE_BUGREPORT "http://www.swig.org"
| #define PACKAGE_URL ""
| #define PACKAGE "swig"
| #define VERSION "4.0.1"
| #define SWIG_CXX "g++"
| #define SWIG_PLATFORM "x86_64-pc-linux-gnu"
| #define STDC_HEADERS 1
| #define HAVE_POPEN 1
| #define HAVE_PCRE 1
| #define HAVE_LIBDL 1
| /* end confdefs.h.  */
| #include <tcl.h>
configure:7040: result: not found
configure:7048: checking for Tcl library
configure:7061: result: not found
configure:7123: checking for python
configure:7139: found /usr/bin/python
configure:7150: result: python
configure:7167: checking for python major version number
configure:7170: result: 2
configure:7175: checking for Python os.name
configure:7178: result: posix
configure:7180: checking for Python path separator
configure:7183: result: /
configure:7189: checking for Python prefix
configure:7192: result: /usr
configure:7194: checking for Python exec-prefix
configure:7197: result: /usr
configure:7228: checking for Python version
configure:7234: result: python2.7
configure:7239: checking for Python lib dir
configure:7246: result: lib
configure:7251: checking for Python header files
configure:7261: result: 
configure:7265: checking for Python library directory
configure:7279: result: Not found
configure:7285: checking for Python library
configure:7291: result: -lpython2.7
configure:7347: checking for python3
configure:7363: found /usr/bin/python3
configure:7374: result: python3
configure:7390: checking for python3-config
configure:7420: result: no
configure:7347: checking for python3.9
configure:7374: result: python3
configure:7390: checking for python3-config
configure:7420: result: no
configure:7347: checking for python3.8
configure:7374: result: python3
configure:7390: checking for python3-config
configure:7420: result: no
configure:7347: checking for python3.7
configure:7374: result: python3
configure:7390: checking for python3-config
configure:7420: result: no
configure:7347: checking for python3.6
configure:7374: result: python3
configure:7390: checking for python3-config
configure:7420: result: no
configure:7347: checking for python3.5
configure:7374: result: python3
configure:7390: checking for python3-config
configure:7420: result: no
configure:7347: checking for python3.4
configure:7374: result: python3
configure:7390: checking for python3-config
configure:7420: result: no
configure:7347: checking for python3.3
configure:7374: result: python3
configure:7390: checking for python3-config
configure:7420: result: no
configure:7347: checking for python3.2
configure:7374: result: python3
configure:7390: checking for python3-config
configure:7420: result: no
configure:7347: checking for python
configure:7374: result: python3
configure:7390: checking for python3-config
configure:7420: result: no
configure:7481: checking for python3 major version number
configure:7484: result: 3
configure:7492: checking for Python 3.x os.name
configure:7495: result: posix
configure:7497: checking for Python 3.x path separator
configure:7500: result: /
configure:7708: checking for 2to3-3
configure:7738: result: no
configure:7708: checking for 2to3
configure:7738: result: no
configure:7748: checking for 2to3.py
configure:7756: result: Not found
configure:7797: checking for perl
configure:7813: found /usr/bin/perl
configure:7824: result: perl
configure:7842: checking for Perl5 header files
configure:7851: result: /usr/lib/x86_64-linux-gnu/perl/5.28/CORE
configure:7863: checking for Perl5 library
configure:7870: result: perl
configure:7873: checking for Perl5 ccflags
configure:7880: result: -D_REENTRANT -D_GNU_SOURCE -DDEBIAN -fwrapv -fno-strict-aliasing -pipe -isystem /usr/local/include -D_LARGEFILE_SOURCE -D_FILE_OFFSET_BITS=64
configure:7883: checking for Perl5 ccdlflags
configure:7890: result: -Wl,-E
configure:7893: checking for Perl5 cccdlflags
configure:7900: result: -fPIC
configure:7903: checking for Perl5 ldflags
configure:7910: result:  -fstack-protector-strong -L/usr/local/lib
configure:7913: checking for Perl5 Test::More module
configure:7920: result: found
configure:7975: checking for octave-cli
configure:8008: result: no
configure:8196: checking for scilab
configure:8226: result: no
configure:8372: checking for java JDK
configure:8382: WARNING: No javac executable under JAVA_HOME.
configure:8391: WARNING: No java headers under JAVA_HOME (does it point to a JDK and not just JRE?).
configure:8399: result: no
configure:8401: WARNING: JAVA_HOME (/home/peter/java-jdk/jdk1.8.0_111/jre) is defined but does not point to a complete JDK installation, ignoring it.
configure:8418: checking for java
configure:8448: result: no
configure:8418: checking for kaffe
configure:8448: result: no
configure:8418: checking for guavac
configure:8448: result: no
configure:8469: checking for javac
configure:8499: result: no
configure:8512: checking for java include file jni.h
configure:8554: result: not found
configure:8589: checking for java tools.jar
configure:8596: result: not found
configure:8721: checking for nodejs
configure:8751: result: no
configure:8721: checking for node
configure:8751: result: no
configure:8814: checking for JavaScriptCore/JavaScript.h
configure:8854: result: not found
configure:8869: checking for JavaScriptCore/Webkit library
configure:8876: result: not found
configure:8892: checking for V8 Javascript v8.h
configure:8927: result: not found
configure:8935: checking for V8 Javascript library
configure:8956: result: not found
configure:9044: checking for android
configure:9074: result: no
configure:9091: checking for adb
configure:9121: result: no
configure:9138: checking for ant
configure:9168: result: no
configure:9185: checking for ndk-build
configure:9215: result: no
configure:9281: checking for guile-config
configure:9314: result: no
configure:9471: checking for mzscheme
configure:9504: result: no
configure:9516: checking for mzc
configure:9549: result: no
configure:9608: checking for ruby
configure:9624: found /usr/bin/ruby
configure:9635: result: ruby
configure:9650: checking for Ruby header files
configure:9679: result: could not locate ruby.h
configure:9684: checking for Ruby library
configure:9730: result: not found... using /usr/include/ruby-2.5.0
configure:9792: checking for php7.3
configure:9822: result: no
configure:9792: checking for php7.2
configure:9822: result: no
configure:9792: checking for php7.1
configure:9822: result: no
configure:9792: checking for php7.0
configure:9822: result: no
configure:9792: checking for php
configure:9822: result: no
configure:9932: checking for ocamlc
configure:9962: result: no
configure:9978: checking for camlp4
configure:10008: result: no
configure:10024: checking for ocamldlgen
configure:10054: result: no
configure:10070: checking for ocamlfind
configure:10100: result: no
configure:10116: checking for ocamlmktop
configure:10146: result: no
configure:10304: checking for mono-csc
configure:10334: result: no
configure:10304: checking for gmcs
configure:10334: result: no
configure:10304: checking for mcs
configure:10334: result: no
configure:10304: checking for cscc
configure:10334: result: no
configure:10560: checking for lua5.4
configure:10593: result: no
configure:10560: checking for lua5.3
configure:10593: result: no
configure:10560: checking for lua5.2
configure:10593: result: no
configure:10560: checking for lua5.1
configure:10593: result: no
configure:10560: checking for lua
configure:10593: result: no
configure:10867: checking for R
configure:10900: result: no
configure:10939: checking for go
configure:10969: result: no
configure:11018: checking for gccgo
configure:11048: result: no
configure:11177: checking for dmd
configure:11207: result: no
configure:11177: checking for ldmd
configure:11207: result: no
configure:11177: checking for gdmd
configure:11207: result: no
configure:11247: checking for dmd
configure:11277: result: no
configure:11247: checking for gdmd
configure:11277: result: no
configure:11690: checking that generated files are newer than configure
configure:11696: result: done
configure:11723: creating ./config.status

## ---------------------- ##
## Running config.status. ##
## ---------------------- ##

This file was extended by swig config.status 4.0.1, which was
generated by GNU Autoconf 2.69.  Invocation command line was

  CONFIG_FILES    = 
  CONFIG_HEADERS  = 
  CONFIG_LINKS    = 
  CONFIG_COMMANDS = 
  $ ./config.status 

on Mars

config.status:1057: creating Makefile
config.status:1057: creating swig.spec
config.status:1057: creating Examples/Makefile
config.status:1057: creating Examples/d/example.mk
config.status:1057: creating Examples/xml/Makefile
config.status:1057: creating Examples/test-suite/errors/Makefile
config.status:1057: creating Examples/test-suite/csharp/Makefile
config.status:1057: creating Examples/test-suite/d/Makefile
config.status:1057: creating Examples/test-suite/guile/Makefile
config.status:1057: creating Examples/test-suite/java/Makefile
config.status:1057: creating Examples/test-suite/javascript/Makefile
config.status:1057: creating Examples/test-suite/mzscheme/Makefile
config.status:1057: creating Examples/test-suite/ocaml/Makefile
config.status:1057: creating Examples/test-suite/octave/Makefile
config.status:1057: creating Examples/test-suite/perl5/Makefile
config.status:1057: creating Examples/test-suite/php/Makefile
config.status:1057: creating Examples/test-suite/python/Makefile
config.status:1057: creating Examples/test-suite/ruby/Makefile
config.status:1057: creating Examples/test-suite/scilab/Makefile
config.status:1057: creating Examples/test-suite/tcl/Makefile
config.status:1057: creating Examples/test-suite/lua/Makefile
config.status:1057: creating Examples/test-suite/r/Makefile
config.status:1057: creating Examples/test-suite/go/Makefile
config.status:1057: creating Source/Makefile
config.status:1057: creating Tools/javascript/Makefile
config.status:1057: creating preinst-swig
config.status:1057: creating CCache/ccache_swig_config.h
config.status:1057: creating Source/Include/swigconfig.h
config.status:1238: Source/Include/swigconfig.h is unchanged
config.status:1286: executing depfiles commands
config.status:1363: cd Source       && sed -e '/# am--include-marker/d' Makefile         | make -f - am--depfiles
make: Nothing to be done for 'am--depfiles'.
config.status:1368: $? = 0
config.status:1286: executing Examples commands
configure:13159: === configuring in CCache (/home/peter/projects/swig4/swig-4.0.1/CCache)
configure:13222: running /bin/bash ./configure --disable-option-checking '--prefix=/usr/local'  --cache-file=/dev/null --srcdir=.

## ---------------- ##
## Cache variables. ##
## ---------------- ##

ac_cv_build=x86_64-pc-linux-gnu
ac_cv_c_compiler_gnu=yes
ac_cv_cxx_compiler_gnu=yes
ac_cv_env_CCC_set=
ac_cv_env_CCC_value=
ac_cv_env_CC_set=
ac_cv_env_CC_value=
ac_cv_env_CFLAGS_set=
ac_cv_env_CFLAGS_value=
ac_cv_env_CPPFLAGS_set=
ac_cv_env_CPPFLAGS_value=
ac_cv_env_CPP_set=
ac_cv_env_CPP_value=
ac_cv_env_CXXFLAGS_set=
ac_cv_env_CXXFLAGS_value=
ac_cv_env_CXX_set=
ac_cv_env_CXX_value=
ac_cv_env_LDFLAGS_set=
ac_cv_env_LDFLAGS_value=
ac_cv_env_LIBS_set=
ac_cv_env_LIBS_value=
ac_cv_env_PCRE_CFLAGS_set=
ac_cv_env_PCRE_CFLAGS_value=
ac_cv_env_PCRE_CONFIG_set=
ac_cv_env_PCRE_CONFIG_value=
ac_cv_env_PCRE_LIBS_set=
ac_cv_env_PCRE_LIBS_value=
ac_cv_env_YACC_set=
ac_cv_env_YACC_value=
ac_cv_env_YFLAGS_set=
ac_cv_env_YFLAGS_value=
ac_cv_env_build_alias_set=
ac_cv_env_build_alias_value=
ac_cv_env_host_alias_set=
ac_cv_env_host_alias_value=
ac_cv_env_target_alias_set=
ac_cv_env_target_alias_value=
ac_cv_func_popen=yes
ac_cv_header_stdc=yes
ac_cv_host=x86_64-pc-linux-gnu
ac_cv_lib_crypt_crypt=yes
ac_cv_lib_dl_dlopen=yes
ac_cv_lib_dld_shl_load=no
ac_cv_lib_ieee_main=no
ac_cv_lib_swill_swill_init=no
ac_cv_objext=o
ac_cv_path_EGREP='/usr/bin/grep -E'
ac_cv_path_GREP=/usr/bin/grep
ac_cv_path_PCRE_CONFIG=/usr/bin/pcre-config
ac_cv_path_SED=/usr/bin/sed
ac_cv_path_install='/usr/bin/install -c'
ac_cv_path_mkdir=/usr/bin/mkdir
ac_cv_prog_AWK=mawk
ac_cv_prog_CPP='gcc -E'
ac_cv_prog_PERL=perl
ac_cv_prog_PKGCONFIG=pkg-config
ac_cv_prog_PYTHON3=python3
ac_cv_prog_PYTHON=python
ac_cv_prog_RUBY=ruby
ac_cv_prog_ac_ct_CC=gcc
ac_cv_prog_ac_ct_CXX=g++
ac_cv_prog_cc_c89=
ac_cv_prog_cc_g=yes
ac_cv_prog_cxx_g=yes
ac_cv_prog_make_make_set=yes
ac_cv_search_gethostbyname='none required'
ac_cv_search_socket='none required'
ac_cv_search_t_open=no
am_cv_CC_dependencies_compiler_type=gcc3
am_cv_CXX_dependencies_compiler_type=gcc3
am_cv_make_support_nested_variables=yes
am_cv_prog_cc_c_o=yes

## ----------------- ##
## Output variables. ##
## ----------------- ##

ACLOCAL='${SHELL} /home/peter/projects/swig4/swig-4.0.1/Tools/config/missing aclocal-1.16'
ADB=''
AMDEPBACKSLASH='\'
AMDEP_FALSE='#'
AMDEP_TRUE=''
AMTAR='$${TAR-tar}'
AM_BACKSLASH='\'
AM_DEFAULT_V='$(AM_DEFAULT_VERBOSITY)'
AM_DEFAULT_VERBOSITY='1'
AM_V='$(V)'
ANDROID=''
ANT=''
AUTOCONF='${SHELL} /home/peter/projects/swig4/swig-4.0.1/Tools/config/missing autoconf'
AUTOHEADER='${SHELL} /home/peter/projects/swig4/swig-4.0.1/Tools/config/missing autoheader'
AUTOMAKE='${SHELL} /home/peter/projects/swig4/swig-4.0.1/Tools/config/missing automake-1.16'
AWK='mawk'
BOOST_CPPFLAGS='-I/include/boost-0'
BOOST_LDFLAGS='-L/lib64'
CAMLP4=''
CC='gcc'
CCDEPMODE='depmode=gcc3'
CCSHARED='-fpic'
CFLAGS='-g -O2 -Wall -W -ansi -pedantic'
CPP='gcc -E'
CPPFLAGS=' '
CSHARPCFLAGS=''
CSHARPCILINTERPRETER=''
CSHARPCILINTERPRETER_FLAGS=''
CSHARPCOMPILER=''
CSHARPCONVERTPATH='Tools/convertpath -u'
CSHARPDYNAMICLINKING=''
CSHARPLIBRARYPREFIX='lib'
CSHARPSO='.so'
CXX='g++'
CXXDEPMODE='depmode=gcc3'
CXXFLAGS='-g -O2 -Wall -W -ansi -pedantic'
CXXSHARED='gcc -shared'
CYGPATH_W='echo'
D1COMPILER=''
D2COMPILER=''
DDEFAULTVERSION=''
DEFS='-DHAVE_CONFIG_H'
DEPDIR='.deps'
DLIBPREFIX='lib'
ECHO_C=''
ECHO_N='-n'
ECHO_T=''
EGREP='/usr/bin/grep -E'
ENABLE_CCACHE='1'
EXEEXT=''
EXTRA_CLEAN=''
GCCGO=''
GCCGOOPT=''
GO12=''
GO13=''
GO15=''
GO1=''
GO=''
GOC=''
GOGCC='false'
GOOPT=''
GOVERSIONOPTION=''
GREP='/usr/bin/grep'
GUILE='yes'
GUILE_CFLAGS=''
GUILE_CONFIG=''
GUILE_LIBS=''
GUILE_SO='.so'
HAVE_CXX11_COMPILER=''
INSTALL_DATA='${INSTALL} -m 644'
INSTALL_PROGRAM='${INSTALL}'
INSTALL_SCRIPT='${INSTALL}'
INSTALL_STRIP_PROGRAM='$(install_sh) -c -s'
JAVA=''
JAVAC=''
JAVACFLAGS=''
JAVACXXSHARED='$(CXXSHARED)'
JAVADYNAMICLINKING=''
JAVAFLAGS=''
JAVAINC=''
JAVALDSHARED='$(LDSHARED)'
JAVALIBRARYPREFIX='lib'
JAVASO='.so'
JAVA_CLASSPATH_SEP=':'
JAVA_TOOLS_JAR=''
JSCENABLED=''
JSCOREDYNAMICLINKING=''
JSCOREINC=''
JSCOREVERSION=''
JSINTERPRETERCXX='$(CXX)'
JSINTERPRETERLINKFLAGS='-ldl'
JSV8DYNAMICLINKING=''
JSV8ENABLED=''
JSV8INC=''
LDFLAGS=''
LDSHARED='gcc -shared'
LIBC=''
LIBCRYPT='-lcrypt'
LIBM='-lm'
LIBOBJS=''
LIBS='-ldl  -lpcre'
LINKFORSHARED='-Xlinker -export-dynamic'
LTLIBOBJS=''
LUABIN=''
LUADYNAMICLINKING=''
LUAFLAGS=''
LUALINK=''
LUA_SO='.so'
MAKEINFO='${SHELL} /home/peter/projects/swig4/swig-4.0.1/Tools/config/missing makeinfo'
MKDIR_P='/usr/bin/mkdir -p'
MZC=''
MZDYNOBJ=''
MZSCHEME=''
MZSCHEME_SO='.so'
NDKBUILD=''
NODEGYP=''
NODEJS=''
OBJEXT='o'
OCAMLC=''
OCAMLDLGEN=''
OCAMLFIND=''
OCAMLMKTOP=''
OCTAVE=''
OCTAVE_CPPFLAGS=''
OCTAVE_CXXFLAGS=''
OCTAVE_LDFLAGS=''
OCTAVE_SO='.oct'
PACKAGE='swig'
PACKAGE_BUGREPORT='http://www.swig.org'
PACKAGE_NAME='swig'
PACKAGE_STRING='swig 4.0.1'
PACKAGE_TARNAME='swig'
PACKAGE_URL=''
PACKAGE_VERSION='4.0.1'
PATH_SEPARATOR=':'
PCRE_CFLAGS=''
PCRE_CONFIG='/usr/bin/pcre-config'
PCRE_LIBS='-lpcre'
PERL5CCCDLFLAGS='-fPIC'
PERL5CCDLFLAGS='-Wl,-E'
PERL5CCFLAGS='-D_REENTRANT -D_GNU_SOURCE -DDEBIAN -fwrapv -fno-strict-aliasing -pipe -isystem /usr/local/include -D_LARGEFILE_SOURCE -D_FILE_OFFSET_BITS=64'
PERL5DYNAMICLINKING=''
PERL5EXT='/usr/lib/x86_64-linux-gnu/perl/5.28/CORE'
PERL5LDFLAGS=' -fstack-protector-strong -L/usr/local/lib'
PERL5LIB='perl'
PERL='perl'
PHP=''
PHPINC=''
PHP_SO='.so'
PKGCONFIG='pkg-config'
PLATCFLAGS=''
PLATCXXFLAGS=''
PY2TO3=''
PY3CONFIG=''
PY3INCLUDE=''
PY3LIB=''
PY3LINK=''
PYCODESTYLE=''
PYINCLUDE=''
PYLIB=''
PYLINK='-lpython2.7'
PYTHON3=''
PYTHON3DYNAMICLINKING=''
PYTHON='python'
PYTHONDYNAMICLINKING=''
PYTHON_SO='.so'
RBIN=''
ROOT_DIR='/home/peter/projects/swig4/swig-4.0.1'
RPATH='-Xlinker -rpath $(exec_prefix)/lib -Xlinker -rpath .'
RUBY='ruby'
RUBYCCDLFLAGS='-fPIC'
RUBYDYNAMICLINKING=''
RUBYINCLUDE=''
RUBYLIB='/usr/include/ruby-2.5.0'
RUBYLINK='-lruby-2.5 -lpthread -lgmp -ldl -lcrypt -lm '
RUBYSO='.so'
SCILAB=''
SCILABINCLUDE=''
SCILABOPT=''
SED='/usr/bin/sed'
SET_MAKE=''
SHELL='/bin/bash'
SKIP_ANDROID='1'
SKIP_CSHARP='1'
SKIP_D='1'
SKIP_GO='1'
SKIP_GUILE='1'
SKIP_JAVA='1'
SKIP_JAVASCRIPT='1'
SKIP_LUA='1'
SKIP_MODULA3='1'
SKIP_MZSCHEME='1'
SKIP_OCAML='1'
SKIP_OCTAVE='1'
SKIP_PERL5=''
SKIP_PHP='1'
SKIP_PYTHON3='1'
SKIP_PYTHON='1'
SKIP_R='1'
SKIP_RUBY='1'
SKIP_SCILAB='1'
SKIP_TCL='1'
SO='.so'
STRIP=''
SWIGLIBS=''
SWIG_LIB='/usr/local/share/swig/4.0.1'
SWIG_LIB_INSTALL='${datarootdir}/swig/4.0.1'
SWIG_LIB_PREINST='/home/peter/projects/swig4/swig-4.0.1/Lib'
SWIG_LIB_SET='env SWIG_LIB=$(SWIG_LIB_DIR)'
SWILL=''
TCLCXXSHARED='$(CXXSHARED)'
TCLDYNAMICLINKING=''
TCLINCLUDE=''
TCLLDSHARED='$(LDSHARED)'
TCLLIB=''
TCL_SO='.so'
TRYLINKINGWITHCXX='CXXSHARED= g++ -shared '
VERSION='4.0.1'
YACC='yacc'
YFLAGS=''
ac_aux_dir='Tools/config'
ac_ct_CC='gcc'
ac_ct_CXX='g++'
am__EXEEXT_FALSE=''
am__EXEEXT_TRUE='#'
am__fastdepCC_FALSE='#'
am__fastdepCC_TRUE=''
am__fastdepCXX_FALSE='#'
am__fastdepCXX_TRUE=''
am__include='include'
am__isrc=''
am__leading_dot='.'
am__nodep='_no'
am__quote=''
am__tar='$${TAR-tar} chof - "$$tardir"'
am__untar='$${TAR-tar} xf -'
bindir='${exec_prefix}/bin'
build='x86_64-pc-linux-gnu'
build_alias=''
build_cpu='x86_64'
build_os='linux-gnu'
build_vendor='pc'
datadir='${datarootdir}'
datarootdir='${prefix}/share'
docdir='${datarootdir}/doc/${PACKAGE_TARNAME}'
dvidir='${docdir}'
exec_prefix='${prefix}'
host='x86_64-pc-linux-gnu'
host_alias=''
host_cpu='x86_64'
host_os='linux-gnu'
host_vendor='pc'
htmldir='${docdir}'
includedir='${prefix}/include'
infodir='${datarootdir}/info'
install_sh='${SHELL} /home/peter/projects/swig4/swig-4.0.1/Tools/config/install-sh'
libdir='${exec_prefix}/lib'
libexecdir='${exec_prefix}/libexec'
localedir='${datarootdir}/locale'
localstatedir='${prefix}/var'
mandir='${datarootdir}/man'
mkdir_p='$(MKDIR_P)'
oldincludedir='/usr/include'
pdfdir='${docdir}'
prefix='/usr/local'
program_transform_name='s,x,x,'
psdir='${docdir}'
runstatedir='${localstatedir}/run'
sbindir='${exec_prefix}/sbin'
sharedstatedir='${prefix}/com'
subdirs=' CCache'
sysconfdir='${prefix}/etc'
target_alias=''

## ----------- ##
## confdefs.h. ##
## ----------- ##

/* confdefs.h */
#define PACKAGE_NAME "swig"
#define PACKAGE_TARNAME "swig"
#define PACKAGE_VERSION "4.0.1"
#define PACKAGE_STRING "swig 4.0.1"
#define PACKAGE_BUGREPORT "http://www.swig.org"
#define PACKAGE_URL ""
#define PACKAGE "swig"
#define VERSION "4.0.1"
#define SWIG_CXX "g++"
#define SWIG_PLATFORM "x86_64-pc-linux-gnu"
#define STDC_HEADERS 1
#define HAVE_POPEN 1
#define HAVE_PCRE 1
#define HAVE_LIBDL 1
#define SWIG_LIB "/usr/local/share/swig/4.0.1"
#define SWIG_LIB_WIN_UNIX ""

configure: exit 0
